<?xml version="1.0" encoding="UTF-8"?>
<!-- Generated by org.testng.reporters.JUnitReportReporter -->
<testsuite hostname="LAPTOP-JL7II6BG" failures="0" tests="1" name="com.qa.testscript.TC_FooterLinks_008" time="25.119" errors="0" timestamp="2021-09-07T23:28:41 IST" skipped="0">
  <testcase classname="com.qa.testscript.TC_FooterLinks_008" name="checkFooterLinks" time="25.119"/>
  <system-out/>
</testsuite> <!-- com.qa.testscript.TC_FooterLinks_008 -->
